2026-03-06 17:16:56.502 EST [28059] LOG:  starting PostgreSQL 18.0 on x86_64-apple-darwin23.6.0, compiled by Apple clang version 16.0.0 (clang-1600.0.26.6), 64-bit
2026-03-06 17:16:56.505 EST [28059] LOG:  listening on IPv6 address "::1", port 55432
2026-03-06 17:16:56.505 EST [28059] LOG:  listening on IPv4 address "127.0.0.1", port 55432
2026-03-06 17:16:56.506 EST [28059] LOG:  listening on Unix socket "/tmp/.s.PGSQL.55432"
2026-03-06 17:16:56.521 EST [28065] LOG:  database system was shut down at 2026-03-06 17:16:56 EST
2026-03-06 17:16:56.525 EST [28059] LOG:  database system is ready to accept connections
2026-03-06 17:21:56.519 EST [28063] LOG:  checkpoint starting: time
2026-03-06 17:23:41.948 EST [28063] LOG:  checkpoint complete: wrote 1043 buffers (6.4%), wrote 3 SLRU buffers; 1 WAL file(s) added, 0 removed, 0 recycled; write=105.416 s, sync=0.006 s, total=105.429 s; sync files=378, longest=0.001 s, average=0.001 s; distance=5253 kB, estimate=5253 kB; lsn=0/1CA87A8, redo lsn=0/1CA8718
2026-03-06 17:28:57.365 EST [92032] LOG:  could not receive data from client: Connection reset by peer
2026-03-06 17:31:56.953 EST [28063] LOG:  checkpoint starting: time
2026-03-06 17:31:59.192 EST [28063] LOG:  checkpoint complete: wrote 22 buffers (0.1%), wrote 1 SLRU buffers; 0 WAL file(s) added, 0 removed, 0 recycled; write=2.232 s, sync=0.001 s, total=2.240 s; sync files=11, longest=0.001 s, average=0.001 s; distance=137 kB, estimate=4741 kB; lsn=0/1CCAE40, redo lsn=0/1CCADE8
2026-03-07 12:22:30.088 EST [28063] LOG:  checkpoint starting: time
2026-03-07 12:22:30.301 EST [28063] LOG:  checkpoint complete: wrote 2 buffers (0.0%), wrote 0 SLRU buffers; 0 WAL file(s) added, 0 removed, 0 recycled; write=0.205 s, sync=0.001 s, total=0.215 s; sync files=2, longest=0.001 s, average=0.001 s; distance=6 kB, estimate=4268 kB; lsn=0/1CCC888, redo lsn=0/1CCC830
2026-03-07 13:57:30.332 EST [28063] LOG:  checkpoint starting: time
2026-03-07 13:57:32.264 EST [28063] LOG:  checkpoint complete: wrote 19 buffers (0.1%), wrote 1 SLRU buffers; 0 WAL file(s) added, 0 removed, 0 recycled; write=1.925 s, sync=0.002 s, total=1.934 s; sync files=12, longest=0.001 s, average=0.001 s; distance=2 kB, estimate=3841 kB; lsn=0/1CCD310, redo lsn=0/1CCD2B8
2026-03-07 14:02:30.266 EST [28063] LOG:  checkpoint starting: time
2026-03-07 14:02:30.373 EST [28063] LOG:  checkpoint complete: wrote 1 buffers (0.0%), wrote 1 SLRU buffers; 0 WAL file(s) added, 0 removed, 0 recycled; write=0.103 s, sync=0.001 s, total=0.107 s; sync files=2, longest=0.001 s, average=0.001 s; distance=0 kB, estimate=3457 kB; lsn=0/1CCD640, redo lsn=0/1CCD5E8
2026-03-07 14:11:25.550 EST [59231] ERROR:  duplicate key value violates unique constraint "users_email_key"
2026-03-07 14:11:25.550 EST [59231] DETAIL:  Key (email)=() already exists.
2026-03-07 14:11:25.550 EST [59231] STATEMENT:  INSERT INTO "public"."users" ("id","clerk_user_id","email","role","status","created_at","updated_at") VALUES ($1,$2,$3,$4,$5,$6,$7) ON CONFLICT ("clerk_user_id") DO UPDATE SET "email" = $8, "updated_at" = $9 WHERE ("public"."users"."clerk_user_id" = $10 AND 1=1) RETURNING "public"."users"."id", "public"."users"."clerk_user_id", "public"."users"."email", "public"."users"."email_verified_at", "public"."users"."full_name", "public"."users"."avatar_url", "public"."users"."role", "public"."users"."status", "public"."users"."created_at", "public"."users"."updated_at"
2026-03-07 14:11:43.224 EST [59231] ERROR:  duplicate key value violates unique constraint "users_email_key"
2026-03-07 14:11:43.224 EST [59231] DETAIL:  Key (email)=() already exists.
2026-03-07 14:11:43.224 EST [59231] STATEMENT:  INSERT INTO "public"."users" ("id","clerk_user_id","email","role","status","created_at","updated_at") VALUES ($1,$2,$3,$4,$5,$6,$7) ON CONFLICT ("clerk_user_id") DO UPDATE SET "email" = $8, "updated_at" = $9 WHERE ("public"."users"."clerk_user_id" = $10 AND 1=1) RETURNING "public"."users"."id", "public"."users"."clerk_user_id", "public"."users"."email", "public"."users"."email_verified_at", "public"."users"."full_name", "public"."users"."avatar_url", "public"."users"."role", "public"."users"."status", "public"."users"."created_at", "public"."users"."updated_at"
2026-03-07 14:12:30.376 EST [28063] LOG:  checkpoint starting: time
2026-03-07 14:12:30.687 EST [28063] LOG:  checkpoint complete: wrote 3 buffers (0.0%), wrote 1 SLRU buffers; 0 WAL file(s) added, 0 removed, 0 recycled; write=0.306 s, sync=0.001 s, total=0.311 s; sync files=4, longest=0.001 s, average=0.001 s; distance=1 kB, estimate=3112 kB; lsn=0/1CCDCC0, redo lsn=0/1CCDC68
2026-03-07 14:15:51.850 EST [59232] ERROR:  duplicate key value violates unique constraint "users_email_key"
2026-03-07 14:15:51.850 EST [59232] DETAIL:  Key (email)=() already exists.
2026-03-07 14:15:51.850 EST [59232] STATEMENT:  INSERT INTO "public"."users" ("id","clerk_user_id","email","role","status","created_at","updated_at") VALUES ($1,$2,$3,$4,$5,$6,$7) ON CONFLICT ("clerk_user_id") DO UPDATE SET "email" = $8, "updated_at" = $9 WHERE ("public"."users"."clerk_user_id" = $10 AND 1=1) RETURNING "public"."users"."id", "public"."users"."clerk_user_id", "public"."users"."email", "public"."users"."email_verified_at", "public"."users"."full_name", "public"."users"."avatar_url", "public"."users"."role", "public"."users"."status", "public"."users"."created_at", "public"."users"."updated_at"
2026-03-07 14:17:30.689 EST [28063] LOG:  checkpoint starting: time
2026-03-07 14:17:31.000 EST [28063] LOG:  checkpoint complete: wrote 3 buffers (0.0%), wrote 1 SLRU buffers; 0 WAL file(s) added, 0 removed, 0 recycled; write=0.306 s, sync=0.001 s, total=0.312 s; sync files=4, longest=0.001 s, average=0.001 s; distance=1 kB, estimate=2800 kB; lsn=0/1CCE348, redo lsn=0/1CCE2F0
2026-03-07 14:21:11.003 EST [63986] ERROR:  duplicate key value violates unique constraint "users_email_key"
2026-03-07 14:21:11.003 EST [63986] DETAIL:  Key (email)=() already exists.
2026-03-07 14:21:11.003 EST [63986] STATEMENT:  INSERT INTO "public"."users" ("id","clerk_user_id","email","role","status","created_at","updated_at") VALUES ($1,$2,$3,$4,$5,$6,$7) ON CONFLICT ("clerk_user_id") DO UPDATE SET "email" = $8, "updated_at" = $9 WHERE ("public"."users"."clerk_user_id" = $10 AND 1=1) RETURNING "public"."users"."id", "public"."users"."clerk_user_id", "public"."users"."email", "public"."users"."email_verified_at", "public"."users"."full_name", "public"."users"."avatar_url", "public"."users"."role", "public"."users"."status", "public"."users"."created_at", "public"."users"."updated_at"
2026-03-07 14:22:30.002 EST [28063] LOG:  checkpoint starting: time
2026-03-07 14:22:30.313 EST [28063] LOG:  checkpoint complete: wrote 3 buffers (0.0%), wrote 1 SLRU buffers; 0 WAL file(s) added, 0 removed, 0 recycled; write=0.305 s, sync=0.001 s, total=0.311 s; sync files=4, longest=0.001 s, average=0.001 s; distance=1 kB, estimate=2521 kB; lsn=0/1CCEA88, redo lsn=0/1CCEA30
2026-03-07 14:27:30.315 EST [28063] LOG:  checkpoint starting: time
2026-03-07 14:27:31.434 EST [28063] LOG:  checkpoint complete: wrote 11 buffers (0.1%), wrote 1 SLRU buffers; 0 WAL file(s) added, 0 removed, 0 recycled; write=1.116 s, sync=0.002 s, total=1.120 s; sync files=12, longest=0.001 s, average=0.001 s; distance=4 kB, estimate=2269 kB; lsn=0/1CCFBF8, redo lsn=0/1CCFBA0
2026-03-07 14:32:30.436 EST [28063] LOG:  checkpoint starting: time
2026-03-07 14:32:30.849 EST [28063] LOG:  checkpoint complete: wrote 4 buffers (0.0%), wrote 1 SLRU buffers; 0 WAL file(s) added, 0 removed, 0 recycled; write=0.408 s, sync=0.001 s, total=0.413 s; sync files=5, longest=0.001 s, average=0.001 s; distance=3 kB, estimate=2042 kB; lsn=0/1CD0BC0, redo lsn=0/1CD0B68
2026-03-07 15:02:30.861 EST [28063] LOG:  checkpoint starting: time
2026-03-07 15:02:30.973 EST [28063] LOG:  checkpoint complete: wrote 1 buffers (0.0%), wrote 1 SLRU buffers; 0 WAL file(s) added, 0 removed, 0 recycled; write=0.104 s, sync=0.001 s, total=0.115 s; sync files=2, longest=0.001 s, average=0.001 s; distance=3 kB, estimate=1838 kB; lsn=0/1CD1870, redo lsn=0/1CD1818
2026-03-07 16:07:30.993 EST [28063] LOG:  checkpoint starting: time
2026-03-07 16:07:31.102 EST [28063] LOG:  checkpoint complete: wrote 1 buffers (0.0%), wrote 1 SLRU buffers; 0 WAL file(s) added, 0 removed, 0 recycled; write=0.104 s, sync=0.001 s, total=0.111 s; sync files=2, longest=0.001 s, average=0.001 s; distance=3 kB, estimate=1655 kB; lsn=0/1CD2668, redo lsn=0/1CD2610
